Nov-05 14:04:52.735 [main] DEBUG nextflow.cli.Launcher - $> nextflow flu_align.nf
Nov-05 14:04:52.795 [main] DEBUG nextflow.cli.CmdRun - N E X T F L O W  ~  version 24.04.2
Nov-05 14:04:52.818 [main] DEBUG nextflow.plugin.PluginsFacade - Setting up plugin manager > mode=prod; embedded=false; plugins-dir=/root/.nextflow/plugins; core-plugins: nf-amazon@2.5.2,nf-azure@1.6.0,nf-cloudcache@0.4.1,nf-codecommit@0.2.0,nf-console@1.1.3,nf-ga4gh@1.3.0,nf-google@1.13.2,nf-tower@1.9.1,nf-wave@1.4.2
Nov-05 14:04:52.830 [main] INFO  o.pf4j.DefaultPluginStatusProvider - Enabled plugins: []
Nov-05 14:04:52.831 [main] INFO  o.pf4j.DefaultPluginStatusProvider - Disabled plugins: []
Nov-05 14:04:52.834 [main] INFO  org.pf4j.DefaultPluginManager - PF4J version 3.10.0 in 'deployment' mode
Nov-05 14:04:52.850 [main] INFO  org.pf4j.AbstractPluginManager - No plugins
Nov-05 14:04:52.905 [main] DEBUG nextflow.cli.CmdRun - Applied DSL=2 by global default
Nov-05 14:04:52.949 [main] DEBUG nextflow.cli.CmdRun - Launching `flu_align.nf` [elegant_curie] DSL2 - revision: 307712e01b
Nov-05 14:04:52.951 [main] DEBUG nextflow.plugin.PluginsFacade - Plugins default=[]
Nov-05 14:04:52.951 [main] DEBUG nextflow.plugin.PluginsFacade - Plugins resolved requirement=[nf-tower@1.9.1]
Nov-05 14:04:52.952 [main] DEBUG nextflow.plugin.PluginUpdater - Installing plugin nf-tower version: 1.9.1
Nov-05 14:04:52.959 [main] INFO  org.pf4j.AbstractPluginManager - Plugin 'nf-tower@1.9.1' resolved
Nov-05 14:04:52.959 [main] INFO  org.pf4j.AbstractPluginManager - Start plugin 'nf-tower@1.9.1'
Nov-05 14:04:52.980 [main] DEBUG nextflow.plugin.BasePlugin - Plugin started nf-tower@1.9.1
Nov-05 14:04:53.056 [main] DEBUG nextflow.Session - Session UUID: 74e2e74d-a021-4530-b69b-6e2c3856c6ae
Nov-05 14:04:53.056 [main] DEBUG nextflow.Session - Run name: elegant_curie
Nov-05 14:04:53.057 [main] DEBUG nextflow.Session - Executor pool size: 12
Nov-05 14:04:53.068 [main] DEBUG nextflow.file.FilePorter - File porter settings maxRetries=3; maxTransfers=50; pollTimeout=null
Nov-05 14:04:53.076 [main] DEBUG nextflow.util.ThreadPoolBuilder - Creating thread pool 'FileTransfer' minSize=10; maxSize=36; workQueue=LinkedBlockingQueue[10000]; allowCoreThreadTimeout=false
Nov-05 14:04:53.118 [main] DEBUG nextflow.cli.CmdRun - 
  Version: 24.04.2 build 5914
  Created: 29-05-2024 06:19 UTC (28-05-2024 23:19 PDT)
  System: Linux 5.15.153.1-microsoft-standard-WSL2
  Runtime: Groovy 4.0.21 on OpenJDK 64-Bit Server VM 11.0.24+8-post-Ubuntu-1ubuntu322.04
  Encoding: UTF-8 (UTF-8)
  Process: 94571@DOHLT-7PJFXL3 [127.0.1.1]
  CPUs: 12 - Mem: 15.5 GB (14.1 GB) - Swap: 4 GB (4 GB)
Nov-05 14:04:53.149 [main] DEBUG nextflow.Session - Work-dir: /home/misc/nextflow_nuggets/nextflow_nuggets/examples/01/work [ext2/ext3]
Nov-05 14:04:53.149 [main] DEBUG nextflow.Session - Script base path does not exist or is not a directory: /home/misc/nextflow_nuggets/nextflow_nuggets/examples/01/bin
Nov-05 14:04:53.165 [main] DEBUG nextflow.executor.ExecutorFactory - Extension executors providers=[]
Nov-05 14:04:53.177 [main] DEBUG nextflow.Session - Observer factory: DefaultObserverFactory
Nov-05 14:04:53.180 [main] DEBUG nextflow.Session - Observer factory: TowerFactory
Nov-05 14:04:53.199 [main] DEBUG nextflow.cache.CacheFactory - Using Nextflow cache factory: nextflow.cache.DefaultCacheFactory
Nov-05 14:04:53.210 [main] DEBUG nextflow.util.CustomThreadPool - Creating default thread pool > poolSize: 13; maxThreads: 1000
Nov-05 14:04:53.278 [main] DEBUG nextflow.Session - Session start
Nov-05 14:04:53.809 [main] DEBUG nextflow.script.ScriptRunner - > Launching execution
Nov-05 14:04:53.817 [main] DEBUG n.secret.LocalSecretsProvider - Secrets store: /root/.nextflow/secrets/store.json
Nov-05 14:04:53.823 [main] DEBUG nextflow.secret.SecretsLoader - Discovered secrets providers: [nextflow.secret.LocalSecretsProvider@3fcbc766] - activable => nextflow.secret.LocalSecretsProvider@3fcbc766
Nov-05 14:04:53.966 [main] DEBUG nextflow.executor.ExecutorFactory - << taskConfig executor: null
Nov-05 14:04:53.967 [main] DEBUG nextflow.executor.ExecutorFactory - >> processorType: 'local'
Nov-05 14:04:53.972 [main] DEBUG nextflow.executor.Executor - [warm up] executor > local
Nov-05 14:04:53.976 [main] DEBUG n.processor.LocalPollingMonitor - Creating local task monitor for executor 'local' > cpus=12; memory=15.5 GB; capacity=12; pollInterval=100ms; dumpInterval=5m
Nov-05 14:04:53.979 [main] DEBUG n.processor.TaskPollingMonitor - >>> barrier register (monitor: local)
Nov-05 14:04:54.054 [main] DEBUG nextflow.executor.ExecutorFactory - << taskConfig executor: null
Nov-05 14:04:54.055 [main] DEBUG nextflow.executor.ExecutorFactory - >> processorType: 'local'
Nov-05 14:04:54.058 [main] DEBUG nextflow.Session - Workflow process names [dsl2]: SEQ_LEN, SEQ_ALIGN
Nov-05 14:04:54.059 [main] DEBUG nextflow.Session - Igniting dataflow network (3)
Nov-05 14:04:54.063 [main] DEBUG nextflow.processor.TaskProcessor - Starting process > SEQ_LEN
Nov-05 14:04:54.064 [main] DEBUG nextflow.processor.TaskProcessor - Starting process > SEQ_ALIGN
Nov-05 14:04:54.071 [main] DEBUG nextflow.script.ScriptRunner - Parsed script files:
  Script_960ea666fe1de23b: /home/misc/nextflow_nuggets/nextflow_nuggets/examples/01/flu_align.nf
Nov-05 14:04:54.071 [main] DEBUG nextflow.script.ScriptRunner - > Awaiting termination 
Nov-05 14:04:54.071 [main] DEBUG nextflow.Session - Session await
Nov-05 14:04:54.074 [Actor Thread 8] ERROR nextflow.extension.DataflowHelper - @unknown
java.nio.file.NoSuchFileException: /home/misc/nextflow_nuggets/nextflow_nuggets/examples/01/nextflow_nuggets/examples/01/samplesheet.csv
	at java.base/sun.nio.fs.UnixException.translateToIOException(UnixException.java:92)
	at java.base/sun.nio.fs.UnixException.rethrowAsIOException(UnixException.java:111)
	at java.base/sun.nio.fs.UnixException.rethrowAsIOException(UnixException.java:116)
	at java.base/sun.nio.fs.UnixFileSystemProvider.newByteChannel(UnixFileSystemProvider.java:219)
	at java.base/java.nio.file.Files.newByteChannel(Files.java:371)
	at java.base/java.nio.file.Files.newByteChannel(Files.java:422)
	at java.base/java.nio.file.spi.FileSystemProvider.newInputStream(FileSystemProvider.java:420)
	at java.base/java.nio.file.Files.newInputStream(Files.java:156)
	at nextflow.splitter.AbstractSplitter.newInputStream(AbstractSplitter.groovy:453)
	at nextflow.splitter.AbstractTextSplitter.newReader(AbstractTextSplitter.groovy:152)
	at nextflow.splitter.AbstractTextSplitter.normalizeSource0(AbstractTextSplitter.groovy:130)
	at nextflow.splitter.AbstractTextSplitter.normalizeSource(AbstractTextSplitter.groovy:112)
	at nextflow.splitter.AbstractTextSplitter.normalizeSource(AbstractTextSplitter.groovy)
	at nextflow.splitter.AbstractSplitter.apply(AbstractSplitter.groovy:153)
	at nextflow.extension.SplitOp$_applySplittingOperator_closure1.doCall(SplitOp.groovy:190)
	at java.base/jdk.internal.reflect.NativeMethodAccessorImpl.invoke0(Native Method)
	at java.base/jdk.internal.reflect.NativeMethodAccessorImpl.invoke(NativeMethodAccessorImpl.java:62)
	at java.base/jdk.internal.reflect.DelegatingMethodAccessorImpl.invoke(DelegatingMethodAccessorImpl.java:43)
	at java.base/java.lang.reflect.Method.invoke(Method.java:566)
	at org.codehaus.groovy.reflection.CachedMethod.invoke(CachedMethod.java:343)
	at groovy.lang.MetaMethod.doMethodInvoke(MetaMethod.java:328)
	at org.codehaus.groovy.runtime.metaclass.ClosureMetaClass.invokeMethod(ClosureMetaClass.java:279)
	at groovy.lang.MetaClassImpl.invokeMethod(MetaClassImpl.java:1007)
	at org.codehaus.groovy.vmplugin.v8.IndyInterface.fromCache(IndyInterface.java:321)
	at nextflow.extension.DataflowHelper$_subscribeImpl_closure2.doCall(DataflowHelper.groovy:287)
	at java.base/jdk.internal.reflect.NativeMethodAccessorImpl.invoke0(Native Method)
	at java.base/jdk.internal.reflect.NativeMethodAccessorImpl.invoke(NativeMethodAccessorImpl.java:62)
	at java.base/jdk.internal.reflect.DelegatingMethodAccessorImpl.invoke(DelegatingMethodAccessorImpl.java:43)
	at java.base/java.lang.reflect.Method.invoke(Method.java:566)
	at org.codehaus.groovy.reflection.CachedMethod.invoke(CachedMethod.java:343)
	at groovy.lang.MetaMethod.doMethodInvoke(MetaMethod.java:328)
	at org.codehaus.groovy.runtime.metaclass.ClosureMetaClass.invokeMethod(ClosureMetaClass.java:279)
	at groovy.lang.MetaClassImpl.invokeMethod(MetaClassImpl.java:1007)
	at groovy.lang.Closure.call(Closure.java:433)
	at groovyx.gpars.dataflow.operator.DataflowOperatorActor.startTask(DataflowOperatorActor.java:120)
	at groovyx.gpars.dataflow.operator.DataflowOperatorActor.onMessage(DataflowOperatorActor.java:108)
	at groovyx.gpars.actor.impl.SDAClosure$1.call(SDAClosure.java:43)
	at groovyx.gpars.actor.AbstractLoopingActor.runEnhancedWithoutRepliesOnMessages(AbstractLoopingActor.java:293)
	at groovyx.gpars.actor.AbstractLoopingActor.access$400(AbstractLoopingActor.java:30)
	at groovyx.gpars.actor.AbstractLoopingActor$1.handleMessage(AbstractLoopingActor.java:93)
	at groovyx.gpars.util.AsyncMessagingCore.run(AsyncMessagingCore.java:132)
	at java.base/java.util.concurrent.ThreadPoolExecutor.runWorker(ThreadPoolExecutor.java:1128)
	at java.base/java.util.concurrent.ThreadPoolExecutor$Worker.run(ThreadPoolExecutor.java:628)
	at java.base/java.lang.Thread.run(Thread.java:829)
Nov-05 14:04:54.095 [Actor Thread 8] DEBUG nextflow.Session - Session aborted -- Cause: /home/misc/nextflow_nuggets/nextflow_nuggets/examples/01/nextflow_nuggets/examples/01/samplesheet.csv
Nov-05 14:04:54.118 [Actor Thread 8] DEBUG nextflow.Session - The following nodes are still active:
[process] SEQ_LEN
  status=ACTIVE
  port 0: (queue) OPEN  ; channel: -
  port 1: (cntrl) -     ; channel: $

[process] SEQ_ALIGN
  status=ACTIVE
  port 0: (value) OPEN  ; channel: sequences
  port 1: (cntrl) -     ; channel: $

Nov-05 14:04:54.121 [main] DEBUG nextflow.Session - Session await > all processes finished
Nov-05 14:04:54.121 [main] DEBUG nextflow.Session - Session await > all barriers passed
Nov-05 14:04:54.121 [Task monitor] DEBUG n.processor.TaskPollingMonitor - <<< barrier arrives (monitor: local) - terminating tasks monitor poll loop
Nov-05 14:04:54.130 [main] DEBUG n.trace.WorkflowStatsObserver - Workflow completed > WorkflowStats[succeededCount=0; failedCount=0; ignoredCount=0; cachedCount=0; pendingCount=0; submittedCount=0; runningCount=0; retriesCount=0; abortedCount=0; succeedDuration=0ms; failedDuration=0ms; cachedDuration=0ms;loadCpus=0; loadMemory=0; peakRunning=0; peakCpus=0; peakMemory=0; ]
Nov-05 14:04:54.317 [main] DEBUG nextflow.cache.CacheDB - Closing CacheDB done
Nov-05 14:04:54.340 [main] INFO  org.pf4j.AbstractPluginManager - Stop plugin 'nf-tower@1.9.1'
Nov-05 14:04:54.341 [main] DEBUG nextflow.plugin.BasePlugin - Plugin stopped nf-tower
Nov-05 14:04:54.343 [main] DEBUG nextflow.script.ScriptRunner - > Execution complete -- Goodbye
